#
# A fatal error has been detected by the Java Runtime Environment:
#
#  Internal Error (javaClasses.cpp:129), pid=7372, tid=9432
#  fatal error: Invalid layout of preloaded class
#
# JRE version: 7.0_21-b11
# Java VM: Java HotSpot(TM) 64-Bit Server VM (23.21-b01 mixed mode windows-amd64 compressed oops)
# Failed to write core dump. Minidumps are not enabled by default on client versions of Windows
#
# If you would like to submit a bug report, please visit:
#   http://bugreport.sun.com/bugreport/crash.jsp
#

---------------  T H R E A D  ---------------

Current thread (0x000000000029d000):  JavaThread "Unknown thread" [_thread_in_vm, id=9432, stack(0x0000000002610000,0x0000000002710000)]

Stack: [0x0000000002610000,0x0000000002710000]

---------------  P R O C E S S  ---------------

Java Threads: ( => current thread )

Other Threads:

=>0x000000000029d000 (exited) JavaThread "Unknown thread" [_thread_in_vm, id=9432, stack(0x0000000002610000,0x0000000002710000)]

VM state:not at safepoint (not fully initialized)

VM Mutex/Monitor currently owned by a thread: None

GC Heap History (0 events):
No events

Deoptimization events (0 events):
No events

Internal exceptions (0 events):
No events

Events (10 events):
Event: 0.620 loading class 0x00000000023b3f50 done
Event: 0.620 loading class 0x00000000023735a0 done
Event: 0.620 loading class 0x0000000002373570
Event: 0.620 loading class 0x00000000023c0f70
Event: 0.621 loading class 0x00000000023c0f70 done
Event: 0.621 loading class 0x00000000023c0fb0
Event: 0.621 loading class 0x00000000023c0fb0 done
Event: 0.621 loading class 0x0000000008b9e780
Event: 0.621 loading class 0x0000000008b9e780 done
Event: 0.621 loading class 0x0000000002373570 done


Dynamic libraries:
0x000000013f350000 - 0x000000013f383000 	D:\Program Files\Java\jdk1.7.0_21\bin\javaw.exe
0x00000000775b0000 - 0x0000000077759000 	D:\windows\SYSTEM32\ntdll.dll
0x0000000077490000 - 0x00000000775b0000 	D:\windows\system32\kernel32.dll
0x000007fefd5b0000 - 0x000007fefd61c000 	D:\windows\system32\KERNELBASE.dll
0x000007fefe2e0000 - 0x000007fefe3bb000 	D:\windows\system32\ADVAPI32.dll
0x000007feff5c0000 - 0x000007feff65f000 	D:\windows\system32\msvcrt.dll
0x000007fefe220000 - 0x000007fefe23f000 	D:\windows\SYSTEM32\sechost.dll
0x000007fefe3c0000 - 0x000007fefe4ed000 	D:\windows\system32\RPCRT4.dll
0x0000000077390000 - 0x000000007748a000 	D:\windows\system32\USER32.dll
0x000007feff670000 - 0x000007feff6d7000 	D:\windows\system32\GDI32.dll
0x000007fefd790000 - 0x000007fefd79e000 	D:\windows\system32\LPK.dll
0x000007feff4f0000 - 0x000007feff5b9000 	D:\windows\system32\USP10.dll
0x000007fefbb00000 - 0x000007fefbcf4000 	D:\windows\WinSxS\amd64_microsoft.windows.common-controls_6595b64144ccf1df_6.0.7601.18837_none_fa3b1e3d17594757\COMCTL32.dll
0x000007fefd710000 - 0x000007fefd781000 	D:\windows\system32\SHLWAPI.dll
0x000007fefd810000 - 0x000007fefd83e000 	D:\windows\system32\IMM32.DLL
0x000007fefd920000 - 0x000007fefda29000 	D:\windows\system32\MSCTF.dll
0x0000000061b70000 - 0x0000000061c41000 	D:\Program Files\Java\jdk1.7.0_21\jre\bin\msvcr100.dll
0x0000000055250000 - 0x0000000055971000 	D:\Program Files\Java\jdk1.7.0_21\jre\bin\server\jvm.dll
0x000007feef100000 - 0x000007feef109000 	D:\windows\system32\WSOCK32.dll
0x000007fefd7a0000 - 0x000007fefd7ed000 	D:\windows\system32\WS2_32.dll
0x000007feff660000 - 0x000007feff668000 	D:\windows\system32\NSI.dll
0x000007fefb080000 - 0x000007fefb0bb000 	D:\windows\system32\WINMM.dll
0x0000000077780000 - 0x0000000077787000 	D:\windows\system32\PSAPI.DLL
0x0000000069fc0000 - 0x0000000069fcf000 	D:\Program Files\Java\jdk1.7.0_21\jre\bin\verify.dll
0x00000000694e0000 - 0x0000000069508000 	D:\Program Files\Java\jdk1.7.0_21\jre\bin\java.dll
0x0000000069380000 - 0x0000000069395000 	D:\Program Files\Java\jdk1.7.0_21\jre\bin\zip.dll

VM Arguments:
jvm_args: -Dfile.encoding=UTF-8 -Xbootclasspath:F:\adt-bundle-windows-x86_64-20131030\adt-bundle-windows-x86_64-20131030\sdk\platforms\android-19\android.jar 
java_command: com.llg.privateproject.fragment.HttpXmlClient
Launcher Type: SUN_STANDARD

Environment Variables:
PATH=D:\windows\system32;D:\windows;D:\windows\System32\Wbem;D:\windows\System32\WindowsPowerShell\v1.0\;D:\Program Files\Java\jdk1.7.0_21\bin;D:\Program Files\TortoiseSVN\bin;D:\Program Files (x86)\NVIDIA Corporation\PhysX\Common
USERNAME=cc
OS=Windows_NT
PROCESSOR_IDENTIFIER=Intel64 Family 6 Model 60 Stepping 3, GenuineIntel



---------------  S Y S T E M  ---------------

OS: Windows 7 , 64 bit Build 7601 Service Pack 1

CPU:total 4 (4 cores per cpu, 1 threads per core) family 6 model 60 stepping 3, cmov, cx8, fxsr, mmx, sse, sse2, sse3, ssse3, sse4.1, sse4.2, popcnt, avx, avx2, tsc, tscinvbit

Memory: 4k page, physical 4092148k(493652k free), swap 8182460k(1296464k free)

vm_info: Java HotSpot(TM) 64-Bit Server VM (23.21-b01) for windows-amd64 JRE (1.7.0_21-b11), built on Apr  4 2013 08:11:28 by "java_re" with unknown MS VC++:1600

time: Wed Nov 04 15:57:43 2015
elapsed time: 0 seconds

